{"contracts/BC.sol":{"l":{"22":10,"23":10,"24":10,"25":10,"26":10,"27":10,"28":10,"37":1,"38":0},"path":"/home/juan/consensys/otherrepos/final-project-Juan-cc/kmp/contracts/BC.sol","s":{"1":10,"2":10,"3":10,"4":10,"5":10,"6":10,"7":10,"8":1,"9":0},"b":{},"f":{"1":10,"2":1},"fnMap":{"1":{"name":"constructor","line":19,"loc":{"start":{"line":19,"column":4},"end":{"line":21,"column":5}}},"2":{"name":"terminateCompany","line":32,"loc":{"start":{"line":32,"column":4},"end":{"line":35,"column":5}}}},"statementMap":{"1":{"start":{"line":22,"column":8},"end":{"line":22,"column":21}},"2":{"start":{"line":23,"column":8},"end":{"line":23,"column":26}},"3":{"start":{"line":24,"column":8},"end":{"line":24,"column":21}},"4":{"start":{"line":25,"column":8},"end":{"line":25,"column":17}},"5":{"start":{"line":26,"column":8},"end":{"line":26,"column":17}},"6":{"start":{"line":27,"column":8},"end":{"line":27,"column":35}},"7":{"start":{"line":28,"column":8},"end":{"line":28,"column":27}},"8":{"start":{"line":37,"column":8},"end":{"line":37,"column":31}},"9":{"start":{"line":38,"column":8},"end":{"line":38,"column":58}}},"branchMap":{}},"contracts/CompanyFactory.sol":{"l":{"24":5,"25":5,"26":5,"27":5,"28":5,"38":9,"39":9,"40":17,"41":8,"44":1,"52":4},"path":"/home/juan/consensys/otherrepos/final-project-Juan-cc/kmp/contracts/CompanyFactory.sol","s":{"1":5,"2":5,"3":5,"4":5,"5":5,"6":9,"7":9,"8":17,"9":8,"10":1,"11":4},"b":{"1":[5,0],"2":[8,9]},"f":{"1":5,"2":9,"3":4},"fnMap":{"1":{"name":"createBCCompany","line":20,"loc":{"start":{"line":20,"column":4},"end":{"line":23,"column":5}}},"2":{"name":"nextCompanyAvailablePosition","line":33,"loc":{"start":{"line":33,"column":4},"end":{"line":37,"column":5}}},"3":{"name":"nextCompanyAvailablePositionUtil","line":47,"loc":{"start":{"line":47,"column":4},"end":{"line":51,"column":5}}}},"statementMap":{"1":{"start":{"line":24,"column":8},"end":{"line":24,"column":58}},"2":{"start":{"line":25,"column":8},"end":{"line":25,"column":114}},"3":{"start":{"line":26,"column":8},"end":{"line":26,"column":90}},"4":{"start":{"line":27,"column":8},"end":{"line":27,"column":65}},"5":{"start":{"line":28,"column":8},"end":{"line":28,"column":25}},"6":{"start":{"line":38,"column":8},"end":{"line":38,"column":86}},"7":{"start":{"line":39,"column":8},"end":{"line":39,"column":1406}},"8":{"start":{"line":40,"column":12},"end":{"line":40,"column":1472}},"9":{"start":{"line":41,"column":16},"end":{"line":41,"column":24}},"10":{"start":{"line":44,"column":7},"end":{"line":44,"column":33}},"11":{"start":{"line":52,"column":8},"end":{"line":52,"column":49}}},"branchMap":{"1":{"line":25,"type":"if","locations":[{"start":{"line":25,"column":8},"end":{"line":25,"column":8}},{"start":{"line":25,"column":8},"end":{"line":25,"column":8}}]},"2":{"line":40,"type":"if","locations":[{"start":{"line":40,"column":12},"end":{"line":40,"column":12}},{"start":{"line":40,"column":12},"end":{"line":40,"column":12}}]}}},"contracts/KMP.sol":{"l":{"32":4,"33":4,"37":4,"38":4,"47":2,"48":2,"49":2,"60":2,"61":2,"62":2,"71":2,"72":2,"73":2,"74":2,"75":2,"77":2,"86":2,"95":10,"96":10,"97":12,"98":9,"101":1,"110":4,"111":4,"112":4,"113":8,"114":3,"117":1,"125":2,"126":2,"128":0,"137":0,"138":0,"140":0,"142":0},"path":"/home/juan/consensys/otherrepos/final-project-Juan-cc/kmp/contracts/KMP.sol","s":{"1":4,"2":4,"3":2,"4":2,"5":2,"6":2,"7":2,"8":2,"9":2,"10":2,"11":2,"12":2,"13":2,"14":2,"15":2,"16":10,"17":10,"18":12,"19":9,"20":1,"21":4,"22":4,"23":4,"24":8,"25":3,"26":1,"27":2,"28":2,"29":0,"30":0,"31":0,"32":0,"33":0},"b":{"1":[4,0],"2":[4,0],"3":[2,0],"4":[2,0],"5":[9,3],"6":[4,0],"7":[3,5],"8":[2,0],"9":[0,0]},"f":{"1":2,"2":4,"3":4,"4":2,"5":2,"6":2,"7":2,"8":10,"9":4,"10":2,"11":0},"fnMap":{"1":{"name":"constructor","line":26,"loc":{"start":{"line":26,"column":4},"end":{"line":26,"column":30}}},"2":{"name":"stopInEmergency","line":31,"loc":{"start":{"line":31,"column":4},"end":{"line":31,"column":28}}},"3":{"name":"onlyCompanyOwner","line":36,"loc":{"start":{"line":36,"column":4},"end":{"line":36,"column":48}}},"4":{"name":"createBCCompany","line":42,"loc":{"start":{"line":42,"column":4},"end":{"line":46,"column":5}}},"5":{"name":"createTokenForBCCompany","line":53,"loc":{"start":{"line":53,"column":4},"end":{"line":58,"column":5}}},"6":{"name":"getUserTokenBalance","line":65,"loc":{"start":{"line":65,"column":4},"end":{"line":70,"column":5}}},"7":{"name":"findBCownerUtil","line":81,"loc":{"start":{"line":81,"column":4},"end":{"line":85,"column":5}}},"8":{"name":"findBCowner","line":90,"loc":{"start":{"line":90,"column":4},"end":{"line":94,"column":5}}},"9":{"name":"tokenInBC","line":105,"loc":{"start":{"line":105,"column":4},"end":{"line":109,"column":5}}},"10":{"name":"findBCToken","line":120,"loc":{"start":{"line":120,"column":4},"end":{"line":124,"column":5}}},"11":{"name":"activateEmergency","line":132,"loc":{"start":{"line":132,"column":4},"end":{"line":136,"column":5}}}},"statementMap":{"1":{"start":{"line":32,"column":8},"end":{"line":32,"column":24}},"2":{"start":{"line":37,"column":8},"end":{"line":37,"column":90}},"3":{"start":{"line":47,"column":8},"end":{"line":47,"column":102}},"4":{"start":{"line":48,"column":8},"end":{"line":48,"column":90}},"5":{"start":{"line":49,"column":8},"end":{"line":49,"column":25}},"6":{"start":{"line":60,"column":8},"end":{"line":60,"column":108}},"7":{"start":{"line":61,"column":8},"end":{"line":61,"column":91}},"8":{"start":{"line":62,"column":8},"end":{"line":62,"column":23}},"9":{"start":{"line":71,"column":8},"end":{"line":71,"column":82}},"10":{"start":{"line":72,"column":8},"end":{"line":72,"column":82}},"11":{"start":{"line":73,"column":8},"end":{"line":73,"column":74}},"12":{"start":{"line":74,"column":8},"end":{"line":74,"column":2627}},"13":{"start":{"line":75,"column":12},"end":{"line":75,"column":55}},"14":{"start":{"line":77,"column":8},"end":{"line":77,"column":23}},"15":{"start":{"line":86,"column":8},"end":{"line":86,"column":35}},"16":{"start":{"line":95,"column":8},"end":{"line":95,"column":96}},"17":{"start":{"line":96,"column":8},"end":{"line":96,"column":3167}},"18":{"start":{"line":97,"column":12},"end":{"line":97,"column":3233}},"19":{"start":{"line":98,"column":16},"end":{"line":98,"column":52}},"20":{"start":{"line":101,"column":8},"end":{"line":101,"column":28}},"21":{"start":{"line":110,"column":8},"end":{"line":110,"column":96}},"22":{"start":{"line":111,"column":8},"end":{"line":111,"column":89}},"23":{"start":{"line":112,"column":8},"end":{"line":112,"column":3699}},"24":{"start":{"line":113,"column":12},"end":{"line":113,"column":3764}},"25":{"start":{"line":114,"column":16},"end":{"line":114,"column":27}},"26":{"start":{"line":117,"column":8},"end":{"line":117,"column":20}},"27":{"start":{"line":125,"column":8},"end":{"line":125,"column":4044}},"28":{"start":{"line":126,"column":12},"end":{"line":126,"column":25}},"29":{"start":{"line":128,"column":8},"end":{"line":128,"column":28}},"30":{"start":{"line":137,"column":8},"end":{"line":137,"column":4278}},"31":{"start":{"line":138,"column":12},"end":{"line":138,"column":25}},"32":{"start":{"line":140,"column":12},"end":{"line":140,"column":26}},"33":{"start":{"line":142,"column":8},"end":{"line":142,"column":22}}},"branchMap":{"1":{"line":32,"type":"if","locations":[{"start":{"line":32,"column":8},"end":{"line":32,"column":8}},{"start":{"line":32,"column":8},"end":{"line":32,"column":8}}]},"2":{"line":37,"type":"if","locations":[{"start":{"line":37,"column":8},"end":{"line":37,"column":8}},{"start":{"line":37,"column":8},"end":{"line":37,"column":8}}]},"3":{"line":71,"type":"if","locations":[{"start":{"line":71,"column":8},"end":{"line":71,"column":8}},{"start":{"line":71,"column":8},"end":{"line":71,"column":8}}]},"4":{"line":74,"type":"if","locations":[{"start":{"line":74,"column":8},"end":{"line":74,"column":8}},{"start":{"line":74,"column":8},"end":{"line":74,"column":8}}]},"5":{"line":97,"type":"if","locations":[{"start":{"line":97,"column":12},"end":{"line":97,"column":12}},{"start":{"line":97,"column":12},"end":{"line":97,"column":12}}]},"6":{"line":110,"type":"if","locations":[{"start":{"line":110,"column":8},"end":{"line":110,"column":8}},{"start":{"line":110,"column":8},"end":{"line":110,"column":8}}]},"7":{"line":113,"type":"if","locations":[{"start":{"line":113,"column":12},"end":{"line":113,"column":12}},{"start":{"line":113,"column":12},"end":{"line":113,"column":12}}]},"8":{"line":125,"type":"if","locations":[{"start":{"line":125,"column":8},"end":{"line":125,"column":8}},{"start":{"line":125,"column":8},"end":{"line":125,"column":8}}]},"9":{"line":137,"type":"if","locations":[{"start":{"line":137,"column":8},"end":{"line":137,"column":8}},{"start":{"line":137,"column":8},"end":{"line":137,"column":8}}]}}},"contracts/KMToken.sol":{"l":{"20":9,"21":9,"22":9,"23":9},"path":"/home/juan/consensys/otherrepos/final-project-Juan-cc/kmp/contracts/KMToken.sol","s":{"1":9,"2":9,"3":9,"4":9},"b":{},"f":{"1":9},"fnMap":{"1":{"name":"constructor","line":14,"loc":{"start":{"line":14,"column":4},"end":{"line":19,"column":5}}}},"statementMap":{"1":{"start":{"line":20,"column":8},"end":{"line":20,"column":21}},"2":{"start":{"line":21,"column":8},"end":{"line":21,"column":32}},"3":{"start":{"line":22,"column":8},"end":{"line":22,"column":25}},"4":{"start":{"line":23,"column":8},"end":{"line":23,"column":35}}},"branchMap":{}},"contracts/Owned.sol":{"l":{"8":24,"12":6,"13":3,"21":2},"path":"/home/juan/consensys/otherrepos/final-project-Juan-cc/kmp/contracts/Owned.sol","s":{"1":24,"2":6,"3":2},"b":{"1":[3,3]},"f":{"1":24,"2":6,"3":2},"fnMap":{"1":{"name":"constructor","line":7,"loc":{"start":{"line":7,"column":4},"end":{"line":7,"column":21}}},"2":{"name":"ownerOnly","line":11,"loc":{"start":{"line":11,"column":4},"end":{"line":11,"column":35}}},"3":{"name":"modifyOwner","line":17,"loc":{"start":{"line":17,"column":4},"end":{"line":20,"column":5}}}},"statementMap":{"1":{"start":{"line":8,"column":8},"end":{"line":8,"column":25}},"2":{"start":{"line":12,"column":8},"end":{"line":12,"column":69}},"3":{"start":{"line":21,"column":8},"end":{"line":21,"column":21}}},"branchMap":{"1":{"line":12,"type":"if","locations":[{"start":{"line":12,"column":8},"end":{"line":12,"column":8}},{"start":{"line":12,"column":8},"end":{"line":12,"column":8}}]}}},"contracts/Storage.sol":{"l":{},"path":"/home/juan/consensys/otherrepos/final-project-Juan-cc/kmp/contracts/Storage.sol","s":{},"b":{},"f":{},"fnMap":{},"statementMap":{},"branchMap":{}},"contracts/TokenFactory.sol":{"l":{"24":2,"25":2,"26":2,"27":2,"28":2,"38":2,"39":2,"40":2,"41":3,"42":2,"45":0,"53":0,"61":4,"62":4,"63":4,"64":4,"67":0},"path":"/home/juan/consensys/otherrepos/final-project-Juan-cc/kmp/contracts/TokenFactory.sol","s":{"1":2,"2":2,"3":2,"4":2,"5":2,"6":2,"7":2,"8":2,"9":3,"10":2,"11":0,"12":0,"13":4,"14":4,"15":4,"16":4,"17":0},"b":{"1":[2,0],"2":[2,0],"3":[2,1],"4":[4,0]},"f":{"1":2,"2":2,"3":0,"4":4},"fnMap":{"1":{"name":"createTokenForBCCompany","line":20,"loc":{"start":{"line":20,"column":4},"end":{"line":23,"column":5}}},"2":{"name":"nextTokenAvailablePosition","line":33,"loc":{"start":{"line":33,"column":4},"end":{"line":37,"column":5}}},"3":{"name":"findBCownerUtil","line":48,"loc":{"start":{"line":48,"column":4},"end":{"line":52,"column":5}}},"4":{"name":"findBCowner","line":56,"loc":{"start":{"line":56,"column":4},"end":{"line":60,"column":5}}}},"statementMap":{"1":{"start":{"line":24,"column":8},"end":{"line":24,"column":59}},"2":{"start":{"line":25,"column":8},"end":{"line":25,"column":93}},"3":{"start":{"line":26,"column":8},"end":{"line":26,"column":81}},"4":{"start":{"line":27,"column":8},"end":{"line":27,"column":64}},"5":{"start":{"line":28,"column":8},"end":{"line":28,"column":23}},"6":{"start":{"line":38,"column":8},"end":{"line":38,"column":102}},"7":{"start":{"line":39,"column":8},"end":{"line":39,"column":79}},"8":{"start":{"line":40,"column":8},"end":{"line":40,"column":1580}},"9":{"start":{"line":41,"column":12},"end":{"line":41,"column":1645}},"10":{"start":{"line":42,"column":16},"end":{"line":42,"column":24}},"11":{"start":{"line":45,"column":7},"end":{"line":45,"column":32}},"12":{"start":{"line":53,"column":8},"end":{"line":53,"column":42}},"13":{"start":{"line":61,"column":8},"end":{"line":61,"column":86}},"14":{"start":{"line":62,"column":8},"end":{"line":62,"column":2260}},"15":{"start":{"line":63,"column":12},"end":{"line":63,"column":2326}},"16":{"start":{"line":64,"column":16},"end":{"line":64,"column":52}},"17":{"start":{"line":67,"column":8},"end":{"line":67,"column":28}}},"branchMap":{"1":{"line":24,"type":"if","locations":[{"start":{"line":24,"column":8},"end":{"line":24,"column":8}},{"start":{"line":24,"column":8},"end":{"line":24,"column":8}}]},"2":{"line":38,"type":"if","locations":[{"start":{"line":38,"column":8},"end":{"line":38,"column":8}},{"start":{"line":38,"column":8},"end":{"line":38,"column":8}}]},"3":{"line":41,"type":"if","locations":[{"start":{"line":41,"column":12},"end":{"line":41,"column":12}},{"start":{"line":41,"column":12},"end":{"line":41,"column":12}}]},"4":{"line":63,"type":"if","locations":[{"start":{"line":63,"column":12},"end":{"line":63,"column":12}},{"start":{"line":63,"column":12},"end":{"line":63,"column":12}}]}}}}